C:\USERS\TROLLIN\DESKTOP\FEL- CCIT PLUG-IN\MPNG\MPNG\MPNG\DEBUG\AMXPLUGIN.OBJ
C:\USERS\TROLLIN\DESKTOP\FEL- CCIT PLUG-IN\MPNG\MPNG\MPNG\DEBUG\BITSTREAM.OBJ
C:\USERS\TROLLIN\DESKTOP\FEL- CCIT PLUG-IN\MPNG\MPNG\MPNG\DEBUG\MAIN.OBJ
C:\USERS\TROLLIN\DESKTOP\FEL- CCIT PLUG-IN\MPNG\MPNG\MPNG\DEBUG\MANAGER.OBJ
C:\USERS\TROLLIN\DESKTOP\FEL- CCIT PLUG-IN\MPNG\MPNG\MPNG\DEBUG\VC90.PDB
C:\USERS\TROLLIN\DESKTOP\FEL- CCIT PLUG-IN\MPNG\MPNG\MPNG\DEBUG\PNGWIO.OBJ
C:\USERS\TROLLIN\DESKTOP\FEL- CCIT PLUG-IN\MPNG\MPNG\MPNG\DEBUG\PNGWRITE.OBJ
C:\USERS\TROLLIN\DESKTOP\FEL- CCIT PLUG-IN\MPNG\MPNG\MPNG\DEBUG\PNGWTRAN.OBJ
C:\USERS\TROLLIN\DESKTOP\FEL- CCIT PLUG-IN\MPNG\MPNG\MPNG\DEBUG\PNGWUTIL.OBJ
C:\USERS\TROLLIN\DESKTOP\FEL- CCIT PLUG-IN\MPNG\MPNG\MPNG\DEBUG\PTHREAD.OBJ
C:\USERS\TROLLIN\DESKTOP\FEL- CCIT PLUG-IN\MPNG\MPNG\MPNG\DEBUG\ADLER32.OBJ
C:\USERS\TROLLIN\DESKTOP\FEL- CCIT PLUG-IN\MPNG\MPNG\MPNG\DEBUG\COMPRESS.OBJ
C:\USERS\TROLLIN\DESKTOP\FEL- CCIT PLUG-IN\MPNG\MPNG\MPNG\DEBUG\CRC32.OBJ
C:\USERS\TROLLIN\DESKTOP\FEL- CCIT PLUG-IN\MPNG\MPNG\MPNG\DEBUG\DEFLATE.OBJ
C:\USERS\TROLLIN\DESKTOP\FEL- CCIT PLUG-IN\MPNG\MPNG\MPNG\DEBUG\GZCLOSE.OBJ
C:\USERS\TROLLIN\DESKTOP\FEL- CCIT PLUG-IN\MPNG\MPNG\MPNG\DEBUG\GZLIB.OBJ
C:\USERS\TROLLIN\DESKTOP\FEL- CCIT PLUG-IN\MPNG\MPNG\MPNG\DEBUG\GZREAD.OBJ
C:\USERS\TROLLIN\DESKTOP\FEL- CCIT PLUG-IN\MPNG\MPNG\MPNG\DEBUG\GZWRITE.OBJ
C:\USERS\TROLLIN\DESKTOP\FEL- CCIT PLUG-IN\MPNG\MPNG\MPNG\DEBUG\INFBACK.OBJ
C:\USERS\TROLLIN\DESKTOP\FEL- CCIT PLUG-IN\MPNG\MPNG\MPNG\DEBUG\INFFAST.OBJ
C:\USERS\TROLLIN\DESKTOP\FEL- CCIT PLUG-IN\MPNG\MPNG\MPNG\DEBUG\INFLATE.OBJ
C:\USERS\TROLLIN\DESKTOP\FEL- CCIT PLUG-IN\MPNG\MPNG\MPNG\DEBUG\INFTREES.OBJ
C:\USERS\TROLLIN\DESKTOP\FEL- CCIT PLUG-IN\MPNG\MPNG\MPNG\DEBUG\TREES.OBJ
C:\USERS\TROLLIN\DESKTOP\FEL- CCIT PLUG-IN\MPNG\MPNG\MPNG\DEBUG\UNCOMPR.OBJ
C:\USERS\TROLLIN\DESKTOP\FEL- CCIT PLUG-IN\MPNG\MPNG\MPNG\DEBUG\ZUTIL.OBJ
C:\USERS\TROLLIN\DESKTOP\FEL- CCIT PLUG-IN\MPNG\MPNG\MPNG\DEBUG\PNG.OBJ
C:\USERS\TROLLIN\DESKTOP\FEL- CCIT PLUG-IN\MPNG\MPNG\MPNG\DEBUG\PNGERROR.OBJ
C:\USERS\TROLLIN\DESKTOP\FEL- CCIT PLUG-IN\MPNG\MPNG\MPNG\DEBUG\PNGGCCRD.OBJ
C:\USERS\TROLLIN\DESKTOP\FEL- CCIT PLUG-IN\MPNG\MPNG\MPNG\DEBUG\PNGGET.OBJ
C:\USERS\TROLLIN\DESKTOP\FEL- CCIT PLUG-IN\MPNG\MPNG\MPNG\DEBUG\PNGMEM.OBJ
C:\USERS\TROLLIN\DESKTOP\FEL- CCIT PLUG-IN\MPNG\MPNG\MPNG\DEBUG\PNGPREAD.OBJ
C:\USERS\TROLLIN\DESKTOP\FEL- CCIT PLUG-IN\MPNG\MPNG\MPNG\DEBUG\PNGREAD.OBJ
C:\USERS\TROLLIN\DESKTOP\FEL- CCIT PLUG-IN\MPNG\MPNG\MPNG\DEBUG\PNGRIO.OBJ
C:\USERS\TROLLIN\DESKTOP\FEL- CCIT PLUG-IN\MPNG\MPNG\MPNG\DEBUG\PNGRTRAN.OBJ
C:\USERS\TROLLIN\DESKTOP\FEL- CCIT PLUG-IN\MPNG\MPNG\MPNG\DEBUG\PNGRUTIL.OBJ
C:\USERS\TROLLIN\DESKTOP\FEL- CCIT PLUG-IN\MPNG\MPNG\MPNG\DEBUG\PNGSET.OBJ
C:\USERS\TROLLIN\DESKTOP\FEL- CCIT PLUG-IN\MPNG\MPNG\MPNG\DEBUG\PNGTRANS.OBJ
C:\USERS\TROLLIN\DESKTOP\FEL- CCIT PLUG-IN\MPNG\MPNG\MPNG\DEBUG\PNGVCRD.OBJ
C:\USERS\TROLLIN\DESKTOP\0.3Z - ADF\PLUGINS\MPNG_DEBUG.ILK
C:\USERS\TROLLIN\DESKTOP\0.3Z - ADF\PLUGINS\MPNG_DEBUG.DLL
C:\USERS\TROLLIN\DESKTOP\FEL- CCIT PLUG-IN\MPNG\MPNG\MPNG\DEBUG\MPNG.DLL.INTERMEDIATE.MANIFEST
C:\USERS\TROLLIN\DESKTOP\FEL- CCIT PLUG-IN\MPNG\MPNG\DEBUG\MPNG.PDB
C:\Users\trollin\Desktop\FeL- CCIT Plug-in\MPNG\MPNG\Debug\MPNG.lib
C:\Users\trollin\Desktop\FeL- CCIT Plug-in\MPNG\MPNG\Debug\MPNG.exp
C:\Users\trollin\Desktop\FeL- CCIT Plug-in\MPNG\MPNG\MPNG\Debug\adler32.obj
C:\Users\trollin\Desktop\FeL- CCIT Plug-in\MPNG\MPNG\MPNG\Debug\amxplugin.obj
C:\Users\trollin\Desktop\FeL- CCIT Plug-in\MPNG\MPNG\MPNG\Debug\BitStream.obj
C:\Users\trollin\Desktop\FeL- CCIT Plug-in\MPNG\MPNG\MPNG\Debug\compress.obj
C:\Users\trollin\Desktop\FeL- CCIT Plug-in\MPNG\MPNG\MPNG\Debug\crc32.obj
C:\Users\trollin\Desktop\FeL- CCIT Plug-in\MPNG\MPNG\MPNG\Debug\deflate.obj
C:\Users\trollin\Desktop\FeL- CCIT Plug-in\MPNG\MPNG\MPNG\Debug\gzclose.obj
C:\Users\trollin\Desktop\FeL- CCIT Plug-in\MPNG\MPNG\MPNG\Debug\gzlib.obj
C:\Users\trollin\Desktop\FeL- CCIT Plug-in\MPNG\MPNG\MPNG\Debug\gzread.obj
C:\Users\trollin\Desktop\FeL- CCIT Plug-in\MPNG\MPNG\MPNG\Debug\gzwrite.obj
C:\Users\trollin\Desktop\FeL- CCIT Plug-in\MPNG\MPNG\MPNG\Debug\infback.obj
C:\Users\trollin\Desktop\FeL- CCIT Plug-in\MPNG\MPNG\MPNG\Debug\inffast.obj
C:\Users\trollin\Desktop\FeL- CCIT Plug-in\MPNG\MPNG\MPNG\Debug\inflate.obj
C:\Users\trollin\Desktop\FeL- CCIT Plug-in\MPNG\MPNG\MPNG\Debug\inftrees.obj
C:\Users\trollin\Desktop\FeL- CCIT Plug-in\MPNG\MPNG\MPNG\Debug\main.obj
C:\Users\trollin\Desktop\FeL- CCIT Plug-in\MPNG\MPNG\MPNG\Debug\Manager.obj
C:\Users\trollin\Desktop\FeL- CCIT Plug-in\MPNG\MPNG\MPNG\Debug\png.obj
C:\Users\trollin\Desktop\FeL- CCIT Plug-in\MPNG\MPNG\MPNG\Debug\pngerror.obj
C:\Users\trollin\Desktop\FeL- CCIT Plug-in\MPNG\MPNG\MPNG\Debug\pnggccrd.obj
C:\Users\trollin\Desktop\FeL- CCIT Plug-in\MPNG\MPNG\MPNG\Debug\pngget.obj
C:\Users\trollin\Desktop\FeL- CCIT Plug-in\MPNG\MPNG\MPNG\Debug\pngmem.obj
C:\Users\trollin\Desktop\FeL- CCIT Plug-in\MPNG\MPNG\MPNG\Debug\pngpread.obj
C:\Users\trollin\Desktop\FeL- CCIT Plug-in\MPNG\MPNG\MPNG\Debug\pngread.obj
C:\Users\trollin\Desktop\FeL- CCIT Plug-in\MPNG\MPNG\MPNG\Debug\pngrio.obj
C:\Users\trollin\Desktop\FeL- CCIT Plug-in\MPNG\MPNG\MPNG\Debug\pngrtran.obj
C:\Users\trollin\Desktop\FeL- CCIT Plug-in\MPNG\MPNG\MPNG\Debug\pngrutil.obj
C:\Users\trollin\Desktop\FeL- CCIT Plug-in\MPNG\MPNG\MPNG\Debug\pngset.obj
C:\Users\trollin\Desktop\FeL- CCIT Plug-in\MPNG\MPNG\MPNG\Debug\pngtrans.obj
C:\Users\trollin\Desktop\FeL- CCIT Plug-in\MPNG\MPNG\MPNG\Debug\pngvcrd.obj
C:\Users\trollin\Desktop\FeL- CCIT Plug-in\MPNG\MPNG\MPNG\Debug\pngwio.obj
C:\Users\trollin\Desktop\FeL- CCIT Plug-in\MPNG\MPNG\MPNG\Debug\pngwrite.obj
C:\Users\trollin\Desktop\FeL- CCIT Plug-in\MPNG\MPNG\MPNG\Debug\pngwtran.obj
C:\Users\trollin\Desktop\FeL- CCIT Plug-in\MPNG\MPNG\MPNG\Debug\pngwutil.obj
C:\Users\trollin\Desktop\FeL- CCIT Plug-in\MPNG\MPNG\MPNG\Debug\pthread.obj
C:\Users\trollin\Desktop\FeL- CCIT Plug-in\MPNG\MPNG\MPNG\Debug\trees.obj
C:\Users\trollin\Desktop\FeL- CCIT Plug-in\MPNG\MPNG\MPNG\Debug\uncompr.obj
C:\Users\trollin\Desktop\FeL- CCIT Plug-in\MPNG\MPNG\MPNG\Debug\zutil.obj
C:\Users\trollin\Desktop\FeL- CCIT Plug-in\MPNG\MPNG\MPNG\Debug\cl.command.1.tlog
C:\Users\trollin\Desktop\FeL- CCIT Plug-in\MPNG\MPNG\MPNG\Debug\CL.read.1.tlog
C:\Users\trollin\Desktop\FeL- CCIT Plug-in\MPNG\MPNG\MPNG\Debug\CL.write.1.tlog
C:\Users\trollin\Desktop\FeL- CCIT Plug-in\MPNG\MPNG\MPNG\Debug\link.command.1.tlog
C:\Users\trollin\Desktop\FeL- CCIT Plug-in\MPNG\MPNG\MPNG\Debug\link.read.1.tlog
C:\Users\trollin\Desktop\FeL- CCIT Plug-in\MPNG\MPNG\MPNG\Debug\link.write.1.tlog
C:\Users\trollin\Desktop\FeL- CCIT Plug-in\MPNG\MPNG\MPNG\Debug\MPNG.write.1.tlog
C:\Users\trollin\Desktop\FeL- CCIT Plug-in\MPNG\MPNG\MPNG\Debug\mt.command.1.tlog
C:\Users\trollin\Desktop\FeL- CCIT Plug-in\MPNG\MPNG\MPNG\Debug\mt.read.1.tlog
C:\Users\trollin\Desktop\FeL- CCIT Plug-in\MPNG\MPNG\MPNG\Debug\mt.write.1.tlog
C:\Users\trollin\Desktop\FeL- CCIT Plug-in\MPNG\MPNG\MPNG\Debug\MPNG.dll.intermediate.manifest
C:\Users\trollin\Desktop\FeL- CCIT Plug-in\MPNG\MPNG\MPNG\Debug\vc90.idb
C:\Users\trollin\Desktop\FeL- CCIT Plug-in\MPNG\MPNG\MPNG\Debug\vc90.pdb
C:\Users\trollin\Desktop\FeL- CCIT Plug-in\MPNG\MPNG\Debug\MPNG.pdb
